0 info it worked if it ends with ok
1 verbose cli [ '/usr/bin/nodejs', '/usr/bin/npm', 'install', 'yargs', '--save' ]
2 info using npm@1.3.10
3 info using node@v0.10.25
4 verbose cache add [ 'yargs', null ]
5 verbose cache add name=undefined spec="yargs" args=["yargs",null]
6 verbose parsed url { protocol: null,
6 verbose parsed url   slashes: null,
6 verbose parsed url   auth: null,
6 verbose parsed url   host: null,
6 verbose parsed url   port: null,
6 verbose parsed url   hostname: null,
6 verbose parsed url   hash: null,
6 verbose parsed url   search: null,
6 verbose parsed url   query: null,
6 verbose parsed url   pathname: 'yargs',
6 verbose parsed url   path: 'yargs',
6 verbose parsed url   href: 'yargs' }
7 silly lockFile 988f2857-yargs yargs
8 verbose lock yargs /home/aditi/.npm/988f2857-yargs.lock
9 silly lockFile 988f2857-yargs yargs
10 silly lockFile 988f2857-yargs yargs
11 verbose addNamed [ 'yargs', '' ]
12 verbose addNamed [ null, '*' ]
13 silly lockFile d4524018-yargs yargs@
14 verbose lock yargs@ /home/aditi/.npm/d4524018-yargs.lock
15 silly addNameRange { name: 'yargs', range: '*', hasData: false }
16 verbose url raw yargs
17 verbose url resolving [ 'https://registry.npmjs.org/', './yargs' ]
18 verbose url resolved https://registry.npmjs.org/yargs
19 info trying registry request attempt 1 at 16:07:02
20 http GET https://registry.npmjs.org/yargs
21 info retry will retry, error on last attempt: Error: tunneling socket could not be established, cause=Parse Error
22 info trying registry request attempt 2 at 16:07:12
23 http GET https://registry.npmjs.org/yargs
24 info retry will retry, error on last attempt: Error: tunneling socket could not be established, cause=Parse Error
25 info trying registry request attempt 3 at 16:08:12
26 http GET https://registry.npmjs.org/yargs
27 silly lockFile d4524018-yargs yargs@
28 silly lockFile d4524018-yargs yargs@
29 error network tunneling socket could not be established, cause=Parse Error
29 error network This is most likely not a problem with npm itself
29 error network and is related to network connectivity.
29 error network In most cases you are behind a proxy or have bad network settings.
29 error network
29 error network If you are behind a proxy, please make sure that the
29 error network 'proxy' config is set properly.  See: 'npm help config'
30 error System Linux 3.16.0-30-generic
31 error command "/usr/bin/nodejs" "/usr/bin/npm" "install" "yargs" "--save"
32 error cwd /home/aditi/Documents/coursera/node-examples
33 error node -v v0.10.25
34 error npm -v 1.3.10
35 error code ECONNRESET
36 verbose exit [ 1, true ]
